<?xml version="1.0" encoding="UTF-8"?>
<!-- Generated by org.testng.reporters.JUnitReportReporter -->
<testsuite hostname="DESKTOP-LL86KPM" failures="0" tests="1" name="Package_Vishwas.AlertTest" time="3.293" errors="0" timestamp="2024-05-27T13:31:41 IST" skipped="0">
  <testcase classname="Package_Vishwas.AlertTest" name="automateAlert" time="3.293"/>
  <system-out/>
</testsuite> <!-- Package_Vishwas.AlertTest -->
