<?xml version="1.0" encoding="UTF-8"?>
<!-- Generated by org.testng.reporters.JUnitReportReporter -->
<testsuite hostname="DESKTOP-LL86KPM" failures="0" tests="1" name="Package_Vishwas.CheckBox" time="27.543" errors="0" timestamp="2024-05-22T11:26:14 IST" skipped="0">
  <testcase classname="Package_Vishwas.CheckBox" name="testCheckBoxInteractions" time="27.543"/>
  <system-out/>
</testsuite> <!-- Package_Vishwas.CheckBox -->
