<?xml version="1.0" encoding="UTF-8"?>
<!-- Generated by org.testng.reporters.JUnitReportReporter -->
<testsuite hostname="DESKTOP-LL86KPM" failures="0" tests="1" name="Package_Vishwas.TextBox" time="146.475" errors="0" timestamp="2024-05-27T14:18:54 IST" skipped="0">
  <testcase classname="Package_Vishwas.TextBox" name="testTextBox" time="146.475"/>
  <system-out/>
</testsuite> <!-- Package_Vishwas.TextBox -->
