<?xml version="1.0" encoding="UTF-8"?>
<!-- Generated by org.testng.reporters.JUnitReportReporter -->
<testsuite hostname="DESKTOP-LL86KPM" failures="0" tests="1" name="Package_Vishwas.AmazonIPhonePurchaseTest" time="28.042" errors="0" timestamp="2024-05-24T12:53:45 IST" skipped="0">
  <testcase classname="Package_Vishwas.AmazonIPhonePurchaseTest" name="testIPhonePurchase" time="28.042"/>
  <system-out/>
</testsuite> <!-- Package_Vishwas.AmazonIPhonePurchaseTest -->
