<?xml version="1.0" encoding="UTF-8"?>
<!-- Generated by org.testng.reporters.JUnitReportReporter -->
<testsuite hostname="DESKTOP-LL86KPM" failures="0" tests="1" name="Package_Vishwas.AmazonIPhonePurchaseTest" time="31.462" errors="0" timestamp="2024-05-28T13:59:16 IST" skipped="0">
  <testcase classname="Package_Vishwas.AmazonIPhonePurchaseTest" name="testIPhonePurchase" time="31.462"/>
  <system-out/>
</testsuite> <!-- Package_Vishwas.AmazonIPhonePurchaseTest -->
