<?xml version="1.0" encoding="UTF-8"?>
<!-- Generated by org.testng.reporters.JUnitReportReporter -->
<testsuite hostname="DESKTOP-LL86KPM" failures="0" tests="1" name="Package_Vishwas.BrowserWindowsTest" time="6.928" errors="0" timestamp="2024-05-27T16:07:57 IST" skipped="0">
  <testcase classname="Package_Vishwas.BrowserWindowsTest" name="testNewTab" time="6.928"/>
  <system-out/>
</testsuite> <!-- Package_Vishwas.BrowserWindowsTest -->
