<?xml version="1.0" encoding="UTF-8"?>
<!-- Generated by org.testng.reporters.JUnitReportReporter -->
<testsuite hostname="DESKTOP-LL86KPM" failures="0" tests="1" name="com.automation.PracticeForms" time="10.847" errors="0" timestamp="2024-06-04T14:35:56 IST" skipped="0">
  <testcase classname="com.automation.PracticeForms" name="testPracticeFormAutomation" time="10.847"/>
  <system-out/>
</testsuite> <!-- com.automation.PracticeForms -->
