<?xml version="1.0" encoding="UTF-8"?>
<!-- Generated by org.testng.reporters.JUnitReportReporter -->
<testsuite hostname="DESKTOP-LL86KPM" failures="0" tests="2" name="Package_Vishwas.Resizable" time="14.330" errors="0" timestamp="2024-05-20T10:39:18 IST" skipped="0">
  <testcase classname="Package_Vishwas.Resizable" name="testResizable" time="10.717"/>
  <system-out/>
  <testcase classname="Package_Vishwas.Resizable" name="setUp" time="3.613"/>
  <system-out/>
</testsuite> <!-- Package_Vishwas.Resizable -->
