<?xml version="1.0" encoding="UTF-8"?>
<!-- Generated by org.testng.reporters.JUnitReportReporter -->
<testsuite hostname="DESKTOP-LL86KPM" failures="0" tests="1" name="Package_Vishwas.ProgressBar" time="62.085" errors="0" timestamp="2024-05-16T17:05:55 IST" skipped="0">
  <testcase classname="Package_Vishwas.ProgressBar" name="testProgressBar" time="62.085"/>
  <system-out/>
</testsuite> <!-- Package_Vishwas.ProgressBar -->
