<?xml version="1.0" encoding="UTF-8"?>
<!-- Generated by org.testng.reporters.JUnitReportReporter -->
<testsuite hostname="DESKTOP-LL86KPM" failures="0" tests="1" name="com.automation.TextBox" time="47.674" errors="0" timestamp="2024-06-03T16:14:46 IST" skipped="0">
  <testcase classname="com.automation.TextBox" name="testTextBox" time="47.674"/>
  <system-out/>
</testsuite> <!-- com.automation.TextBox -->
