<?xml version="1.0" encoding="UTF-8"?>
<!-- Generated by org.testng.reporters.JUnitReportReporter -->
<testsuite hostname="DESKTOP-LL86KPM" failures="0" tests="2" name="Package_Vishwas.Droppable" time="31.190" errors="0" timestamp="2024-05-20T10:35:33 IST" skipped="0">
  <testcase classname="Package_Vishwas.Droppable" name="testDroppable" time="27.677"/>
  <system-out/>
  <testcase classname="Package_Vishwas.Droppable" name="setUp" time="3.513"/>
  <system-out/>
</testsuite> <!-- Package_Vishwas.Droppable -->
