<?xml version="1.0" encoding="UTF-8"?>
<!-- Generated by org.testng.reporters.JUnitReportReporter -->
<testsuite hostname="DESKTOP-LL86KPM" failures="0" tests="1" name="Package_Vishwas.TextBox" time="34.380" errors="0" timestamp="2024-05-22T11:46:55 IST" skipped="0">
  <testcase classname="Package_Vishwas.TextBox" name="testTextBox" time="34.380"/>
  <system-out/>
</testsuite> <!-- Package_Vishwas.TextBox -->
