<?xml version="1.0" encoding="UTF-8"?>
<!-- Generated by org.testng.reporters.JUnitReportReporter -->
<testsuite hostname="DESKTOP-LL86KPM" failures="0" tests="1" name="Package_Vishwas.Button" time="11.583" errors="0" timestamp="2024-05-20T12:53:43 IST" skipped="0">
  <testcase classname="Package_Vishwas.Button" name="testButtonAutomation" time="11.583"/>
  <system-out/>
</testsuite> <!-- Package_Vishwas.Button -->
