<?xml version="1.0" encoding="UTF-8"?>
<!-- Generated by org.testng.reporters.JUnitReportReporter -->
<testsuite hostname="DESKTOP-LL86KPM" failures="0" tests="2" name="Package_Vishwas.Sortable" time="33.694" errors="0" timestamp="2024-05-16T12:07:52 IST" skipped="0">
  <testcase classname="Package_Vishwas.Sortable" name="setUp" time="2.153"/>
  <system-out/>
  <testcase classname="Package_Vishwas.Sortable" name="testSortable" time="31.541"/>
  <system-out/>
</testsuite> <!-- Package_Vishwas.Sortable -->
