<?xml version="1.0" encoding="UTF-8"?>
<!-- Generated by org.testng.reporters.JUnitReportReporter -->
<testsuite hostname="DESKTOP-LL86KPM" failures="0" tests="1" name="Package_Vishwas.Tabs" time="8.552" errors="0" timestamp="2024-05-16T15:03:32 IST" skipped="0">
  <testcase classname="Package_Vishwas.Tabs" name="testTabs" time="8.552"/>
  <system-out/>
</testsuite> <!-- Package_Vishwas.Tabs -->
