<?xml version="1.0" encoding="UTF-8"?>
<!-- Generated by org.testng.reporters.JUnitReportReporter -->
<testsuite hostname="DESKTOP-LL86KPM" failures="0" tests="1" name="Package_Vishwas.PracticeForms" time="11.287" errors="0" timestamp="2024-05-22T11:25:21 IST" skipped="0">
  <testcase classname="Package_Vishwas.PracticeForms" name="testPracticeFormAutomation" time="11.287"/>
  <system-out/>
</testsuite> <!-- Package_Vishwas.PracticeForms -->
