<?xml version="1.0" encoding="UTF-8"?>
<!-- Generated by org.testng.reporters.JUnitReportReporter -->
<testsuite hostname="DESKTOP-LL86KPM" failures="0" tests="1" name="Package_Vishwas.RegistrationForm" time="16.053" errors="0" timestamp="2024-05-14T17:38:45 IST" skipped="0">
  <testcase classname="Package_Vishwas.RegistrationForm" name="testRegistrationForm" time="16.053"/>
  <system-out/>
</testsuite> <!-- Package_Vishwas.RegistrationForm -->
