<?xml version="1.0" encoding="UTF-8"?>
<!-- Generated by org.testng.reporters.JUnitReportReporter -->
<testsuite hostname="DESKTOP-LL86KPM" failures="0" tests="1" name="Package_Vishwas.PracticeForms" time="15.039" errors="0" timestamp="2024-05-27T13:23:54 IST" skipped="0">
  <testcase classname="Package_Vishwas.PracticeForms" name="testPracticeFormAutomation" time="15.039"/>
  <system-out/>
</testsuite> <!-- Package_Vishwas.PracticeForms -->
