<?xml version="1.0" encoding="UTF-8"?>
<!-- Generated by org.testng.reporters.JUnitReportReporter -->
<testsuite hostname="DESKTOP-LL86KPM" failures="0" tests="1" name="Package_Vishwas.Link" time="16.662" errors="0" timestamp="2024-05-21T13:17:59 IST" skipped="0">
  <testcase classname="Package_Vishwas.Link" name="testLinks" time="16.662"/>
  <system-out/>
</testsuite> <!-- Package_Vishwas.Link -->
