<?xml version="1.0" encoding="UTF-8"?>
<!-- Generated by org.testng.reporters.JUnitReportReporter -->
<testsuite hostname="DESKTOP-LL86KPM" failures="0" tests="1" name="Package_Vishwas.FrameTest" time="61.541" errors="0" timestamp="2024-05-21T18:14:02 IST" skipped="0">
  <testcase classname="Package_Vishwas.FrameTest" name="handleFrame" time="61.541"/>
  <system-out/>
</testsuite> <!-- Package_Vishwas.FrameTest -->
