<?xml version="1.0" encoding="UTF-8"?>
<!-- Generated by org.testng.reporters.JUnitReportReporter -->
<testsuite hostname="DESKTOP-LL86KPM" failures="0" tests="1" name="Package_Vishwas.RadioButtons" time="143.067" errors="0" timestamp="2024-05-20T11:16:02 IST" skipped="0">
  <testcase classname="Package_Vishwas.RadioButtons" name="automateRadioButton" time="143.067"/>
  <system-out/>
</testsuite> <!-- Package_Vishwas.RadioButtons -->
