<?xml version="1.0" encoding="UTF-8"?>
<!-- Generated by org.testng.reporters.JUnitReportReporter -->
<testsuite hostname="DESKTOP-LL86KPM" failures="0" tests="1" name="com.automation.AmazonIPhonePurchaseTest" time="28.642" errors="0" timestamp="2024-06-04T14:26:53 IST" skipped="0">
  <testcase classname="com.automation.AmazonIPhonePurchaseTest" name="testIPhonePurchase" time="28.642"/>
  <system-out/>
</testsuite> <!-- com.automation.AmazonIPhonePurchaseTest -->
