<?xml version="1.0" encoding="UTF-8"?>
<!-- Generated by org.testng.reporters.JUnitReportReporter -->
<testsuite hostname="DESKTOP-LL86KPM" failures="0" tests="1" name="Package_Vishwas.DatePickerTest" time="48.776" errors="0" timestamp="2024-05-21T18:09:42 IST" skipped="0">
  <testcase classname="Package_Vishwas.DatePickerTest" name="testDatePicker" time="48.776"/>
  <system-out/>
</testsuite> <!-- Package_Vishwas.DatePickerTest -->
